Sun Sep 14 18:32:17 UTC 2025: Keep alive ping
Sun Sep 14 18:32:53 UTC 2025: Keep alive ping
Mon Sep 15 01:19:08 UTC 2025: Keep alive ping
Mon Sep 15 06:26:52 UTC 2025: Keep alive ping
Mon Sep 15 12:34:12 UTC 2025: Keep alive ping
Mon Sep 15 18:23:31 UTC 2025: Keep alive ping
Tue Sep 16 01:13:04 UTC 2025: Keep alive ping
Tue Sep 16 06:25:10 UTC 2025: Keep alive ping
Tue Sep 16 12:34:08 UTC 2025: Keep alive ping
Tue Sep 16 18:23:25 UTC 2025: Keep alive ping
Wed Sep 17 01:12:49 UTC 2025: Keep alive ping
Wed Sep 17 06:25:27 UTC 2025: Keep alive ping
Wed Sep 17 12:34:00 UTC 2025: Keep alive ping
Wed Sep 17 18:23:04 UTC 2025: Keep alive ping
Thu Sep 18 01:12:55 UTC 2025: Keep alive ping
Thu Sep 18 06:24:25 UTC 2025: Keep alive ping
Thu Sep 18 12:33:33 UTC 2025: Keep alive ping
Thu Sep 18 18:23:47 UTC 2025: Keep alive ping
Fri Sep 19 01:15:11 UTC 2025: Keep alive ping
Fri Sep 19 06:24:30 UTC 2025: Keep alive ping
Fri Sep 19 12:33:56 UTC 2025: Keep alive ping
Fri Sep 19 18:22:36 UTC 2025: Keep alive ping
Sat Sep 20 01:11:38 UTC 2025: Keep alive ping
Sat Sep 20 06:21:59 UTC 2025: Keep alive ping
Sat Sep 20 12:30:51 UTC 2025: Keep alive ping
Sat Sep 20 18:20:08 UTC 2025: Keep alive ping
Sun Sep 21 01:20:41 UTC 2025: Keep alive ping
Sun Sep 21 06:22:44 UTC 2025: Keep alive ping
Sun Sep 21 12:30:29 UTC 2025: Keep alive ping
Sun Sep 21 18:20:43 UTC 2025: Keep alive ping
Mon Sep 22 01:20:06 UTC 2025: Keep alive ping
Mon Sep 22 06:26:22 UTC 2025: Keep alive ping
Mon Sep 22 12:35:12 UTC 2025: Keep alive ping
Mon Sep 22 18:22:53 UTC 2025: Keep alive ping
Tue Sep 23 01:13:25 UTC 2025: Keep alive ping
Tue Sep 23 06:25:24 UTC 2025: Keep alive ping
Tue Sep 23 12:33:49 UTC 2025: Keep alive ping
Tue Sep 23 18:24:23 UTC 2025: Keep alive ping
Wed Sep 24 01:14:28 UTC 2025: Keep alive ping
Wed Sep 24 06:25:00 UTC 2025: Keep alive ping
Wed Sep 24 12:34:33 UTC 2025: Keep alive ping
Wed Sep 24 18:22:19 UTC 2025: Keep alive ping
Thu Sep 25 01:14:54 UTC 2025: Keep alive ping
Thu Sep 25 06:25:33 UTC 2025: Keep alive ping
Thu Sep 25 12:35:22 UTC 2025: Keep alive ping
Thu Sep 25 18:24:25 UTC 2025: Keep alive ping
Fri Sep 26 01:14:34 UTC 2025: Keep alive ping
Fri Sep 26 06:24:38 UTC 2025: Keep alive ping
Fri Sep 26 12:34:38 UTC 2025: Keep alive ping
Fri Sep 26 18:21:25 UTC 2025: Keep alive ping
Sat Sep 27 01:11:23 UTC 2025: Keep alive ping
Sat Sep 27 06:21:00 UTC 2025: Keep alive ping
Sat Sep 27 12:29:46 UTC 2025: Keep alive ping
Sat Sep 27 18:20:30 UTC 2025: Keep alive ping
Sun Sep 28 01:21:22 UTC 2025: Keep alive ping
Sun Sep 28 06:22:43 UTC 2025: Keep alive ping
Sun Sep 28 12:30:28 UTC 2025: Keep alive ping
Sun Sep 28 18:20:07 UTC 2025: Keep alive ping
Mon Sep 29 01:16:27 UTC 2025: Keep alive ping
Mon Sep 29 06:27:12 UTC 2025: Keep alive ping
Mon Sep 29 12:35:46 UTC 2025: Keep alive ping
Mon Sep 29 18:24:10 UTC 2025: Keep alive ping
Tue Sep 30 01:15:38 UTC 2025: Keep alive ping
Tue Sep 30 06:25:46 UTC 2025: Keep alive ping
Tue Sep 30 12:35:46 UTC 2025: Keep alive ping
Tue Sep 30 18:21:38 UTC 2025: Keep alive ping
Wed Oct  1 01:22:45 UTC 2025: Keep alive ping
Wed Oct  1 06:25:02 UTC 2025: Keep alive ping
Wed Oct  1 12:36:23 UTC 2025: Keep alive ping
Wed Oct  1 18:23:21 UTC 2025: Keep alive ping
Thu Oct  2 01:13:05 UTC 2025: Keep alive ping
Thu Oct  2 06:24:31 UTC 2025: Keep alive ping
Thu Oct  2 12:32:49 UTC 2025: Keep alive ping
Thu Oct  2 18:22:55 UTC 2025: Keep alive ping
Fri Oct  3 01:12:55 UTC 2025: Keep alive ping
Fri Oct  3 06:23:54 UTC 2025: Keep alive ping
Fri Oct  3 12:33:18 UTC 2025: Keep alive ping
Fri Oct  3 18:22:36 UTC 2025: Keep alive ping
Sat Oct  4 01:10:28 UTC 2025: Keep alive ping
Sat Oct  4 06:21:36 UTC 2025: Keep alive ping
Sat Oct  4 12:29:59 UTC 2025: Keep alive ping
Sat Oct  4 18:20:22 UTC 2025: Keep alive ping
Sun Oct  5 01:20:48 UTC 2025: Keep alive ping
Sun Oct  5 06:21:50 UTC 2025: Keep alive ping
Sun Oct  5 12:30:10 UTC 2025: Keep alive ping
Sun Oct  5 18:20:39 UTC 2025: Keep alive ping
Mon Oct  6 01:15:15 UTC 2025: Keep alive ping
Mon Oct  6 06:25:37 UTC 2025: Keep alive ping
Mon Oct  6 12:35:11 UTC 2025: Keep alive ping
Mon Oct  6 18:24:35 UTC 2025: Keep alive ping
Tue Oct  7 01:13:46 UTC 2025: Keep alive ping
Tue Oct  7 06:24:40 UTC 2025: Keep alive ping
Tue Oct  7 12:35:19 UTC 2025: Keep alive ping
Tue Oct  7 18:24:19 UTC 2025: Keep alive ping
Wed Oct  8 01:13:43 UTC 2025: Keep alive ping
Wed Oct  8 06:25:10 UTC 2025: Keep alive ping
Wed Oct  8 12:35:22 UTC 2025: Keep alive ping
Wed Oct  8 18:24:42 UTC 2025: Keep alive ping
Thu Oct  9 01:14:36 UTC 2025: Keep alive ping
Thu Oct  9 06:25:28 UTC 2025: Keep alive ping
Thu Oct  9 12:34:54 UTC 2025: Keep alive ping
Thu Oct  9 18:24:02 UTC 2025: Keep alive ping
Fri Oct 10 01:14:36 UTC 2025: Keep alive ping
Fri Oct 10 06:25:12 UTC 2025: Keep alive ping
Fri Oct 10 12:34:51 UTC 2025: Keep alive ping
Fri Oct 10 18:23:44 UTC 2025: Keep alive ping
Sat Oct 11 01:11:46 UTC 2025: Keep alive ping
Sat Oct 11 06:22:01 UTC 2025: Keep alive ping
Sat Oct 11 12:29:54 UTC 2025: Keep alive ping
Sat Oct 11 18:19:26 UTC 2025: Keep alive ping
Sun Oct 12 01:17:49 UTC 2025: Keep alive ping
Sun Oct 12 06:22:05 UTC 2025: Keep alive ping
Sun Oct 12 12:30:16 UTC 2025: Keep alive ping
Sun Oct 12 18:20:32 UTC 2025: Keep alive ping
Mon Oct 13 01:19:30 UTC 2025: Keep alive ping
Mon Oct 13 06:26:55 UTC 2025: Keep alive ping
Mon Oct 13 12:35:18 UTC 2025: Keep alive ping
Mon Oct 13 18:22:47 UTC 2025: Keep alive ping
Tue Oct 14 01:14:33 UTC 2025: Keep alive ping
Tue Oct 14 06:25:13 UTC 2025: Keep alive ping
Tue Oct 14 12:36:49 UTC 2025: Keep alive ping
Tue Oct 14 18:24:48 UTC 2025: Keep alive ping
Wed Oct 15 01:16:16 UTC 2025: Keep alive ping
Wed Oct 15 06:25:35 UTC 2025: Keep alive ping
Wed Oct 15 12:36:33 UTC 2025: Keep alive ping
Wed Oct 15 18:24:58 UTC 2025: Keep alive ping
Thu Oct 16 01:16:02 UTC 2025: Keep alive ping
Thu Oct 16 06:25:18 UTC 2025: Keep alive ping
Thu Oct 16 12:36:41 UTC 2025: Keep alive ping
Thu Oct 16 18:24:01 UTC 2025: Keep alive ping
Fri Oct 17 01:15:55 UTC 2025: Keep alive ping
Fri Oct 17 06:24:30 UTC 2025: Keep alive ping
Fri Oct 17 12:34:53 UTC 2025: Keep alive ping
Fri Oct 17 18:21:28 UTC 2025: Keep alive ping
Sat Oct 18 01:12:10 UTC 2025: Keep alive ping
Sat Oct 18 06:22:16 UTC 2025: Keep alive ping
Sat Oct 18 12:30:54 UTC 2025: Keep alive ping
Sat Oct 18 18:20:47 UTC 2025: Keep alive ping
Sun Oct 19 01:24:17 UTC 2025: Keep alive ping
Sun Oct 19 06:23:31 UTC 2025: Keep alive ping
Sun Oct 19 12:31:05 UTC 2025: Keep alive ping
Sun Oct 19 18:21:10 UTC 2025: Keep alive ping
Mon Oct 20 01:21:21 UTC 2025: Keep alive ping
Mon Oct 20 06:26:32 UTC 2025: Keep alive ping
Mon Oct 20 12:36:23 UTC 2025: Keep alive ping
Mon Oct 20 18:25:30 UTC 2025: Keep alive ping
Tue Oct 21 01:17:58 UTC 2025: Keep alive ping
Tue Oct 21 06:25:29 UTC 2025: Keep alive ping
Tue Oct 21 12:36:28 UTC 2025: Keep alive ping
Tue Oct 21 18:24:03 UTC 2025: Keep alive ping
Wed Oct 22 01:19:25 UTC 2025: Keep alive ping
Wed Oct 22 06:26:29 UTC 2025: Keep alive ping
Wed Oct 22 12:36:51 UTC 2025: Keep alive ping
Wed Oct 22 18:26:17 UTC 2025: Keep alive ping
Thu Oct 23 01:17:27 UTC 2025: Keep alive ping
Thu Oct 23 06:25:45 UTC 2025: Keep alive ping
Thu Oct 23 12:36:39 UTC 2025: Keep alive ping
Thu Oct 23 18:24:43 UTC 2025: Keep alive ping
Fri Oct 24 01:13:58 UTC 2025: Keep alive ping
Fri Oct 24 06:24:33 UTC 2025: Keep alive ping
Fri Oct 24 12:36:45 UTC 2025: Keep alive ping
Fri Oct 24 18:23:34 UTC 2025: Keep alive ping
Sat Oct 25 01:15:00 UTC 2025: Keep alive ping
Sat Oct 25 06:22:33 UTC 2025: Keep alive ping
Sat Oct 25 12:30:34 UTC 2025: Keep alive ping
Sat Oct 25 18:21:23 UTC 2025: Keep alive ping
Sun Oct 26 01:22:03 UTC 2025: Keep alive ping
Sun Oct 26 06:23:19 UTC 2025: Keep alive ping
Sun Oct 26 12:31:44 UTC 2025: Keep alive ping
Sun Oct 26 18:22:05 UTC 2025: Keep alive ping
Mon Oct 27 01:23:40 UTC 2025: Keep alive ping
Mon Oct 27 06:28:32 UTC 2025: Keep alive ping
Mon Oct 27 12:37:07 UTC 2025: Keep alive ping
Mon Oct 27 18:25:11 UTC 2025: Keep alive ping
Tue Oct 28 01:16:06 UTC 2025: Keep alive ping
Tue Oct 28 06:26:52 UTC 2025: Keep alive ping
Tue Oct 28 12:35:27 UTC 2025: Keep alive ping
Tue Oct 28 18:26:29 UTC 2025: Keep alive ping
Wed Oct 29 01:21:34 UTC 2025: Keep alive ping
Wed Oct 29 06:27:05 UTC 2025: Keep alive ping
Wed Oct 29 12:37:05 UTC 2025: Keep alive ping
Wed Oct 29 18:25:39 UTC 2025: Keep alive ping
Thu Oct 30 01:20:51 UTC 2025: Keep alive ping
Thu Oct 30 06:25:33 UTC 2025: Keep alive ping
Thu Oct 30 12:35:42 UTC 2025: Keep alive ping
Thu Oct 30 18:24:38 UTC 2025: Keep alive ping
Fri Oct 31 01:18:30 UTC 2025: Keep alive ping
Fri Oct 31 06:25:51 UTC 2025: Keep alive ping
Fri Oct 31 12:36:06 UTC 2025: Keep alive ping
Fri Oct 31 18:24:47 UTC 2025: Keep alive ping
Sat Nov  1 01:22:36 UTC 2025: Keep alive ping
Sat Nov  1 06:22:57 UTC 2025: Keep alive ping
Sat Nov  1 12:31:17 UTC 2025: Keep alive ping
Sat Nov  1 18:21:14 UTC 2025: Keep alive ping
Sun Nov  2 01:23:28 UTC 2025: Keep alive ping
Sun Nov  2 06:24:25 UTC 2025: Keep alive ping
Sun Nov  2 12:30:52 UTC 2025: Keep alive ping
Sun Nov  2 18:20:29 UTC 2025: Keep alive ping
Mon Nov  3 01:21:59 UTC 2025: Keep alive ping
Mon Nov  3 06:27:28 UTC 2025: Keep alive ping
Mon Nov  3 12:36:51 UTC 2025: Keep alive ping
Mon Nov  3 18:24:12 UTC 2025: Keep alive ping
Tue Nov  4 01:18:59 UTC 2025: Keep alive ping
Tue Nov  4 06:26:43 UTC 2025: Keep alive ping
Tue Nov  4 12:38:11 UTC 2025: Keep alive ping
Tue Nov  4 18:24:58 UTC 2025: Keep alive ping
Wed Nov  5 01:20:15 UTC 2025: Keep alive ping
Wed Nov  5 06:26:21 UTC 2025: Keep alive ping
Wed Nov  5 12:36:19 UTC 2025: Keep alive ping
Wed Nov  5 18:24:41 UTC 2025: Keep alive ping
Thu Nov  6 01:19:55 UTC 2025: Keep alive ping
Thu Nov  6 06:26:37 UTC 2025: Keep alive ping
Thu Nov  6 12:36:01 UTC 2025: Keep alive ping
Thu Nov  6 18:25:48 UTC 2025: Keep alive ping
Fri Nov  7 01:19:15 UTC 2025: Keep alive ping
Fri Nov  7 06:26:16 UTC 2025: Keep alive ping
Fri Nov  7 12:35:05 UTC 2025: Keep alive ping
Fri Nov  7 18:23:52 UTC 2025: Keep alive ping
Sat Nov  8 01:15:22 UTC 2025: Keep alive ping
Sat Nov  8 06:23:17 UTC 2025: Keep alive ping
Sat Nov  8 12:31:27 UTC 2025: Keep alive ping
Sat Nov  8 18:21:51 UTC 2025: Keep alive ping
Sun Nov  9 01:22:49 UTC 2025: Keep alive ping
Sun Nov  9 06:23:48 UTC 2025: Keep alive ping
Sun Nov  9 12:31:27 UTC 2025: Keep alive ping
Sun Nov  9 18:21:20 UTC 2025: Keep alive ping
Mon Nov 10 01:22:58 UTC 2025: Keep alive ping
Mon Nov 10 06:28:10 UTC 2025: Keep alive ping
Mon Nov 10 12:36:47 UTC 2025: Keep alive ping
Mon Nov 10 18:25:12 UTC 2025: Keep alive ping
Tue Nov 11 01:20:26 UTC 2025: Keep alive ping
Tue Nov 11 06:26:46 UTC 2025: Keep alive ping
Tue Nov 11 12:35:57 UTC 2025: Keep alive ping
Tue Nov 11 18:24:31 UTC 2025: Keep alive ping
Wed Nov 12 01:19:55 UTC 2025: Keep alive ping
Wed Nov 12 06:27:00 UTC 2025: Keep alive ping
Wed Nov 12 12:36:46 UTC 2025: Keep alive ping
Wed Nov 12 18:24:51 UTC 2025: Keep alive ping
Thu Nov 13 01:20:31 UTC 2025: Keep alive ping
Thu Nov 13 06:27:01 UTC 2025: Keep alive ping
Thu Nov 13 12:37:50 UTC 2025: Keep alive ping
Thu Nov 13 18:25:05 UTC 2025: Keep alive ping
Fri Nov 14 01:19:53 UTC 2025: Keep alive ping
Fri Nov 14 06:26:33 UTC 2025: Keep alive ping
Fri Nov 14 12:35:56 UTC 2025: Keep alive ping
Fri Nov 14 18:24:56 UTC 2025: Keep alive ping
Sat Nov 15 01:17:56 UTC 2025: Keep alive ping
Sat Nov 15 06:24:00 UTC 2025: Keep alive ping
Sat Nov 15 12:31:43 UTC 2025: Keep alive ping
Sat Nov 15 18:21:49 UTC 2025: Keep alive ping
Sun Nov 16 01:24:44 UTC 2025: Keep alive ping
Sun Nov 16 06:24:35 UTC 2025: Keep alive ping
Sun Nov 16 12:31:39 UTC 2025: Keep alive ping
Sun Nov 16 18:22:19 UTC 2025: Keep alive ping
Mon Nov 17 01:21:01 UTC 2025: Keep alive ping
Mon Nov 17 06:27:39 UTC 2025: Keep alive ping
Mon Nov 17 12:36:36 UTC 2025: Keep alive ping
Mon Nov 17 18:25:41 UTC 2025: Keep alive ping
Tue Nov 18 01:19:44 UTC 2025: Keep alive ping
Tue Nov 18 06:26:07 UTC 2025: Keep alive ping
Tue Nov 18 12:36:53 UTC 2025: Keep alive ping
Tue Nov 18 18:26:24 UTC 2025: Keep alive ping
Wed Nov 19 01:19:39 UTC 2025: Keep alive ping
Wed Nov 19 06:26:39 UTC 2025: Keep alive ping
Wed Nov 19 12:37:15 UTC 2025: Keep alive ping
Wed Nov 19 18:25:52 UTC 2025: Keep alive ping
Thu Nov 20 01:18:29 UTC 2025: Keep alive ping
Thu Nov 20 06:25:59 UTC 2025: Keep alive ping
Thu Nov 20 12:36:10 UTC 2025: Keep alive ping
Thu Nov 20 18:25:49 UTC 2025: Keep alive ping
Fri Nov 21 01:19:06 UTC 2025: Keep alive ping
Fri Nov 21 06:27:33 UTC 2025: Keep alive ping
Fri Nov 21 12:35:03 UTC 2025: Keep alive ping
Fri Nov 21 18:23:53 UTC 2025: Keep alive ping
Sat Nov 22 01:16:36 UTC 2025: Keep alive ping
Sat Nov 22 06:23:28 UTC 2025: Keep alive ping
Sat Nov 22 12:31:02 UTC 2025: Keep alive ping
Sat Nov 22 18:22:41 UTC 2025: Keep alive ping
Sun Nov 23 01:38:17 UTC 2025: Keep alive ping
Sun Nov 23 06:24:57 UTC 2025: Keep alive ping
Sun Nov 23 12:30:56 UTC 2025: Keep alive ping
Sun Nov 23 18:22:46 UTC 2025: Keep alive ping
Mon Nov 24 01:24:58 UTC 2025: Keep alive ping
Mon Nov 24 06:27:48 UTC 2025: Keep alive ping
Mon Nov 24 12:37:03 UTC 2025: Keep alive ping
Mon Nov 24 18:26:41 UTC 2025: Keep alive ping
Tue Nov 25 01:20:01 UTC 2025: Keep alive ping
Tue Nov 25 06:27:57 UTC 2025: Keep alive ping
Tue Nov 25 12:37:43 UTC 2025: Keep alive ping
Tue Nov 25 18:27:25 UTC 2025: Keep alive ping
Wed Nov 26 01:20:22 UTC 2025: Keep alive ping
Wed Nov 26 06:27:40 UTC 2025: Keep alive ping
Wed Nov 26 12:38:17 UTC 2025: Keep alive ping
Wed Nov 26 18:22:09 UTC 2025: Keep alive ping
Thu Nov 27 01:19:05 UTC 2025: Keep alive ping
Thu Nov 27 06:28:02 UTC 2025: Keep alive ping
Thu Nov 27 12:37:31 UTC 2025: Keep alive ping
Thu Nov 27 18:24:12 UTC 2025: Keep alive ping
Fri Nov 28 01:18:23 UTC 2025: Keep alive ping
Fri Nov 28 06:27:44 UTC 2025: Keep alive ping
Fri Nov 28 12:36:12 UTC 2025: Keep alive ping
Fri Nov 28 18:24:33 UTC 2025: Keep alive ping
Sat Nov 29 01:18:27 UTC 2025: Keep alive ping
Sat Nov 29 06:25:18 UTC 2025: Keep alive ping
Sat Nov 29 12:33:24 UTC 2025: Keep alive ping
Sat Nov 29 18:23:38 UTC 2025: Keep alive ping
Sun Nov 30 01:37:37 UTC 2025: Keep alive ping
Sun Nov 30 06:26:14 UTC 2025: Keep alive ping
Sun Nov 30 12:33:00 UTC 2025: Keep alive ping
Sun Nov 30 18:23:16 UTC 2025: Keep alive ping
Mon Dec  1 01:44:18 UTC 2025: Keep alive ping
Mon Dec  1 06:30:05 UTC 2025: Keep alive ping
Mon Dec  1 12:38:23 UTC 2025: Keep alive ping
Mon Dec  1 18:29:21 UTC 2025: Keep alive ping
Tue Dec  2 01:21:52 UTC 2025: Keep alive ping
Tue Dec  2 06:28:39 UTC 2025: Keep alive ping
Tue Dec  2 12:38:53 UTC 2025: Keep alive ping
Tue Dec  2 18:28:59 UTC 2025: Keep alive ping
Wed Dec  3 01:21:54 UTC 2025: Keep alive ping
Wed Dec  3 06:28:46 UTC 2025: Keep alive ping
Wed Dec  3 12:38:24 UTC 2025: Keep alive ping
Wed Dec  3 18:28:36 UTC 2025: Keep alive ping
Thu Dec  4 01:22:06 UTC 2025: Keep alive ping
Thu Dec  4 06:28:33 UTC 2025: Keep alive ping
Thu Dec  4 12:39:13 UTC 2025: Keep alive ping
Thu Dec  4 18:29:18 UTC 2025: Keep alive ping
Fri Dec  5 01:22:35 UTC 2025: Keep alive ping
Fri Dec  5 06:28:16 UTC 2025: Keep alive ping
Fri Dec  5 12:37:23 UTC 2025: Keep alive ping
Fri Dec  5 18:24:11 UTC 2025: Keep alive ping
Sat Dec  6 01:18:29 UTC 2025: Keep alive ping
Sat Dec  6 06:26:31 UTC 2025: Keep alive ping
Sat Dec  6 12:33:41 UTC 2025: Keep alive ping
Sat Dec  6 18:23:32 UTC 2025: Keep alive ping
Sun Dec  7 01:38:02 UTC 2025: Keep alive ping
Sun Dec  7 06:24:54 UTC 2025: Keep alive ping
Sun Dec  7 12:32:47 UTC 2025: Keep alive ping
Sun Dec  7 18:23:34 UTC 2025: Keep alive ping
Mon Dec  8 01:22:54 UTC 2025: Keep alive ping
Mon Dec  8 06:31:00 UTC 2025: Keep alive ping
Mon Dec  8 12:38:15 UTC 2025: Keep alive ping
Mon Dec  8 18:27:57 UTC 2025: Keep alive ping
Tue Dec  9 01:22:08 UTC 2025: Keep alive ping
Tue Dec  9 06:29:10 UTC 2025: Keep alive ping
Tue Dec  9 12:39:15 UTC 2025: Keep alive ping
Tue Dec  9 18:23:02 UTC 2025: Keep alive ping
Wed Dec 10 01:23:55 UTC 2025: Keep alive ping
Wed Dec 10 06:29:26 UTC 2025: Keep alive ping
Wed Dec 10 12:39:05 UTC 2025: Keep alive ping
Wed Dec 10 18:27:13 UTC 2025: Keep alive ping
Thu Dec 11 01:24:45 UTC 2025: Keep alive ping
Thu Dec 11 06:30:12 UTC 2025: Keep alive ping
Thu Dec 11 12:40:46 UTC 2025: Keep alive ping
Thu Dec 11 18:27:01 UTC 2025: Keep alive ping
Fri Dec 12 01:24:15 UTC 2025: Keep alive ping
Fri Dec 12 06:29:37 UTC 2025: Keep alive ping
Fri Dec 12 12:38:35 UTC 2025: Keep alive ping
Fri Dec 12 18:28:25 UTC 2025: Keep alive ping
Sat Dec 13 01:19:48 UTC 2025: Keep alive ping
Sat Dec 13 06:26:16 UTC 2025: Keep alive ping
Sat Dec 13 12:34:06 UTC 2025: Keep alive ping
Sat Dec 13 18:23:03 UTC 2025: Keep alive ping
Sun Dec 14 01:38:25 UTC 2025: Keep alive ping
Sun Dec 14 06:26:26 UTC 2025: Keep alive ping
Sun Dec 14 12:34:39 UTC 2025: Keep alive ping
Sun Dec 14 18:24:15 UTC 2025: Keep alive ping
Mon Dec 15 01:26:52 UTC 2025: Keep alive ping
Mon Dec 15 06:31:36 UTC 2025: Keep alive ping
Mon Dec 15 12:41:13 UTC 2025: Keep alive ping
Mon Dec 15 18:28:22 UTC 2025: Keep alive ping
Tue Dec 16 01:25:21 UTC 2025: Keep alive ping
Tue Dec 16 06:29:46 UTC 2025: Keep alive ping
Tue Dec 16 12:39:41 UTC 2025: Keep alive ping
Tue Dec 16 18:28:10 UTC 2025: Keep alive ping
Wed Dec 17 01:20:18 UTC 2025: Keep alive ping
Wed Dec 17 06:29:15 UTC 2025: Keep alive ping
Wed Dec 17 12:39:53 UTC 2025: Keep alive ping
Wed Dec 17 18:28:31 UTC 2025: Keep alive ping
Thu Dec 18 01:21:09 UTC 2025: Keep alive ping
Thu Dec 18 06:29:17 UTC 2025: Keep alive ping
Thu Dec 18 12:38:27 UTC 2025: Keep alive ping
Thu Dec 18 18:27:58 UTC 2025: Keep alive ping
Fri Dec 19 01:24:19 UTC 2025: Keep alive ping
Fri Dec 19 06:28:34 UTC 2025: Keep alive ping
Fri Dec 19 12:37:07 UTC 2025: Keep alive ping
Fri Dec 19 18:26:31 UTC 2025: Keep alive ping
Sat Dec 20 01:20:29 UTC 2025: Keep alive ping
Sat Dec 20 06:27:34 UTC 2025: Keep alive ping
Sat Dec 20 12:34:17 UTC 2025: Keep alive ping
Sat Dec 20 18:23:06 UTC 2025: Keep alive ping
Sun Dec 21 01:38:42 UTC 2025: Keep alive ping
Sun Dec 21 06:27:02 UTC 2025: Keep alive ping
Sun Dec 21 12:34:40 UTC 2025: Keep alive ping
Sun Dec 21 18:24:37 UTC 2025: Keep alive ping
Mon Dec 22 01:28:04 UTC 2025: Keep alive ping
Mon Dec 22 06:31:13 UTC 2025: Keep alive ping
Mon Dec 22 12:38:13 UTC 2025: Keep alive ping
Mon Dec 22 18:27:35 UTC 2025: Keep alive ping
Tue Dec 23 01:24:36 UTC 2025: Keep alive ping
Tue Dec 23 06:30:15 UTC 2025: Keep alive ping
Tue Dec 23 12:38:53 UTC 2025: Keep alive ping
Tue Dec 23 18:27:36 UTC 2025: Keep alive ping
Wed Dec 24 01:23:27 UTC 2025: Keep alive ping
Wed Dec 24 06:30:00 UTC 2025: Keep alive ping
Wed Dec 24 12:38:04 UTC 2025: Keep alive ping
Wed Dec 24 18:26:42 UTC 2025: Keep alive ping
Thu Dec 25 01:24:24 UTC 2025: Keep alive ping
Thu Dec 25 06:29:22 UTC 2025: Keep alive ping
Thu Dec 25 12:37:16 UTC 2025: Keep alive ping
Thu Dec 25 18:26:22 UTC 2025: Keep alive ping
Fri Dec 26 01:24:44 UTC 2025: Keep alive ping
Fri Dec 26 06:29:04 UTC 2025: Keep alive ping
Fri Dec 26 12:37:27 UTC 2025: Keep alive ping
Fri Dec 26 18:26:23 UTC 2025: Keep alive ping
Sat Dec 27 01:22:44 UTC 2025: Keep alive ping
Sat Dec 27 06:27:41 UTC 2025: Keep alive ping
Sat Dec 27 12:35:15 UTC 2025: Keep alive ping
Sat Dec 27 18:25:11 UTC 2025: Keep alive ping
Sun Dec 28 01:42:54 UTC 2025: Keep alive ping
Sun Dec 28 06:27:50 UTC 2025: Keep alive ping
Sun Dec 28 12:35:47 UTC 2025: Keep alive ping
Sun Dec 28 18:26:11 UTC 2025: Keep alive ping
Mon Dec 29 01:41:36 UTC 2025: Keep alive ping
Mon Dec 29 06:31:20 UTC 2025: Keep alive ping
Mon Dec 29 12:39:56 UTC 2025: Keep alive ping
Mon Dec 29 18:27:17 UTC 2025: Keep alive ping
Tue Dec 30 01:25:06 UTC 2025: Keep alive ping
Tue Dec 30 06:29:21 UTC 2025: Keep alive ping
Tue Dec 30 12:38:56 UTC 2025: Keep alive ping
Tue Dec 30 18:27:40 UTC 2025: Keep alive ping
Wed Dec 31 01:26:05 UTC 2025: Keep alive ping
Wed Dec 31 06:29:40 UTC 2025: Keep alive ping
Wed Dec 31 12:37:56 UTC 2025: Keep alive ping
Wed Dec 31 18:26:26 UTC 2025: Keep alive ping
Thu Jan  1 01:43:59 UTC 2026: Keep alive ping
Thu Jan  1 06:29:34 UTC 2026: Keep alive ping
Thu Jan  1 12:37:44 UTC 2026: Keep alive ping
Thu Jan  1 18:26:38 UTC 2026: Keep alive ping
Fri Jan  2 01:26:34 UTC 2026: Keep alive ping
Fri Jan  2 06:29:52 UTC 2026: Keep alive ping
Fri Jan  2 12:37:00 UTC 2026: Keep alive ping
Fri Jan  2 18:26:32 UTC 2026: Keep alive ping
Sat Jan  3 01:21:58 UTC 2026: Keep alive ping
Sat Jan  3 06:27:56 UTC 2026: Keep alive ping
Sat Jan  3 12:35:25 UTC 2026: Keep alive ping
Sat Jan  3 18:25:28 UTC 2026: Keep alive ping
Sun Jan  4 01:44:01 UTC 2026: Keep alive ping
Sun Jan  4 06:28:00 UTC 2026: Keep alive ping
Sun Jan  4 12:35:34 UTC 2026: Keep alive ping
Sun Jan  4 18:25:59 UTC 2026: Keep alive ping
Mon Jan  5 01:43:53 UTC 2026: Keep alive ping
Mon Jan  5 06:35:34 UTC 2026: Keep alive ping
Mon Jan  5 12:41:17 UTC 2026: Keep alive ping
Mon Jan  5 18:29:32 UTC 2026: Keep alive ping
Tue Jan  6 01:26:28 UTC 2026: Keep alive ping
Tue Jan  6 06:30:27 UTC 2026: Keep alive ping
Tue Jan  6 12:39:43 UTC 2026: Keep alive ping
Tue Jan  6 18:27:53 UTC 2026: Keep alive ping
Wed Jan  7 01:26:45 UTC 2026: Keep alive ping
Wed Jan  7 06:29:54 UTC 2026: Keep alive ping
Wed Jan  7 12:40:27 UTC 2026: Keep alive ping
Wed Jan  7 18:29:10 UTC 2026: Keep alive ping
Thu Jan  8 01:27:23 UTC 2026: Keep alive ping
Thu Jan  8 06:30:38 UTC 2026: Keep alive ping
Thu Jan  8 12:40:50 UTC 2026: Keep alive ping
Thu Jan  8 18:25:30 UTC 2026: Keep alive ping
Fri Jan  9 01:27:33 UTC 2026: Keep alive ping
Fri Jan  9 06:30:12 UTC 2026: Keep alive ping
Fri Jan  9 12:39:48 UTC 2026: Keep alive ping
Fri Jan  9 18:28:23 UTC 2026: Keep alive ping
Sat Jan 10 01:24:50 UTC 2026: Keep alive ping
Sat Jan 10 06:27:17 UTC 2026: Keep alive ping
Sat Jan 10 12:35:38 UTC 2026: Keep alive ping
Sat Jan 10 18:26:10 UTC 2026: Keep alive ping
Sun Jan 11 01:44:07 UTC 2026: Keep alive ping
Sun Jan 11 06:28:36 UTC 2026: Keep alive ping
Sun Jan 11 12:36:18 UTC 2026: Keep alive ping
Sun Jan 11 18:25:56 UTC 2026: Keep alive ping
Mon Jan 12 01:41:06 UTC 2026: Keep alive ping
Mon Jan 12 06:33:00 UTC 2026: Keep alive ping
Mon Jan 12 12:41:51 UTC 2026: Keep alive ping
Mon Jan 12 18:29:13 UTC 2026: Keep alive ping
Tue Jan 13 01:23:54 UTC 2026: Keep alive ping
Tue Jan 13 06:30:41 UTC 2026: Keep alive ping
Tue Jan 13 12:41:43 UTC 2026: Keep alive ping
Tue Jan 13 18:28:25 UTC 2026: Keep alive ping
Wed Jan 14 01:39:58 UTC 2026: Keep alive ping
Wed Jan 14 06:30:41 UTC 2026: Keep alive ping
Wed Jan 14 12:40:45 UTC 2026: Keep alive ping
Wed Jan 14 18:30:12 UTC 2026: Keep alive ping
Thu Jan 15 01:25:31 UTC 2026: Keep alive ping
Thu Jan 15 06:30:21 UTC 2026: Keep alive ping
Thu Jan 15 12:40:30 UTC 2026: Keep alive ping
Thu Jan 15 18:33:07 UTC 2026: Keep alive ping
Fri Jan 16 01:27:53 UTC 2026: Keep alive ping
Fri Jan 16 06:30:34 UTC 2026: Keep alive ping
Fri Jan 16 12:39:40 UTC 2026: Keep alive ping
Fri Jan 16 18:29:06 UTC 2026: Keep alive ping
Sat Jan 17 01:23:52 UTC 2026: Keep alive ping
Sat Jan 17 06:27:28 UTC 2026: Keep alive ping
Sat Jan 17 12:35:28 UTC 2026: Keep alive ping
Sat Jan 17 18:25:25 UTC 2026: Keep alive ping
Sun Jan 18 01:42:59 UTC 2026: Keep alive ping
Sun Jan 18 06:28:08 UTC 2026: Keep alive ping
Sun Jan 18 12:35:34 UTC 2026: Keep alive ping
Sun Jan 18 18:24:37 UTC 2026: Keep alive ping
Mon Jan 19 01:41:34 UTC 2026: Keep alive ping
Mon Jan 19 06:35:05 UTC 2026: Keep alive ping
Mon Jan 19 12:43:39 UTC 2026: Keep alive ping
Mon Jan 19 18:28:41 UTC 2026: Keep alive ping
Tue Jan 20 01:26:59 UTC 2026: Keep alive ping
Tue Jan 20 06:32:44 UTC 2026: Keep alive ping
Tue Jan 20 12:44:04 UTC 2026: Keep alive ping
Tue Jan 20 18:32:28 UTC 2026: Keep alive ping
Wed Jan 21 01:40:02 UTC 2026: Keep alive ping
Wed Jan 21 06:33:09 UTC 2026: Keep alive ping
Wed Jan 21 12:44:01 UTC 2026: Keep alive ping
Wed Jan 21 18:38:46 UTC 2026: Keep alive ping
Thu Jan 22 01:39:36 UTC 2026: Keep alive ping
Thu Jan 22 06:31:25 UTC 2026: Keep alive ping
Thu Jan 22 12:43:10 UTC 2026: Keep alive ping
Thu Jan 22 18:29:10 UTC 2026: Keep alive ping
Fri Jan 23 01:27:01 UTC 2026: Keep alive ping
Fri Jan 23 06:31:26 UTC 2026: Keep alive ping
Fri Jan 23 12:41:39 UTC 2026: Keep alive ping
Fri Jan 23 18:29:54 UTC 2026: Keep alive ping
Sat Jan 24 01:25:13 UTC 2026: Keep alive ping
Sat Jan 24 06:28:14 UTC 2026: Keep alive ping
Sat Jan 24 12:36:15 UTC 2026: Keep alive ping
Sat Jan 24 18:26:33 UTC 2026: Keep alive ping
Sun Jan 25 01:45:35 UTC 2026: Keep alive ping
Sun Jan 25 06:28:32 UTC 2026: Keep alive ping
Sun Jan 25 12:37:41 UTC 2026: Keep alive ping
Sun Jan 25 18:26:46 UTC 2026: Keep alive ping
Mon Jan 26 01:45:22 UTC 2026: Keep alive ping
Mon Jan 26 06:33:27 UTC 2026: Keep alive ping
Mon Jan 26 12:42:43 UTC 2026: Keep alive ping
Mon Jan 26 18:32:08 UTC 2026: Keep alive ping
Tue Jan 27 01:42:43 UTC 2026: Keep alive ping
Tue Jan 27 06:31:41 UTC 2026: Keep alive ping
Tue Jan 27 12:43:31 UTC 2026: Keep alive ping
Tue Jan 27 18:35:22 UTC 2026: Keep alive ping
Wed Jan 28 01:39:24 UTC 2026: Keep alive ping
Wed Jan 28 06:33:09 UTC 2026: Keep alive ping
Wed Jan 28 12:43:59 UTC 2026: Keep alive ping
Wed Jan 28 18:34:19 UTC 2026: Keep alive ping
Thu Jan 29 01:51:02 UTC 2026: Keep alive ping
Thu Jan 29 06:42:45 UTC 2026: Keep alive ping
Thu Jan 29 12:52:51 UTC 2026: Keep alive ping
Thu Jan 29 18:40:45 UTC 2026: Keep alive ping
Fri Jan 30 01:51:27 UTC 2026: Keep alive ping
Fri Jan 30 06:43:16 UTC 2026: Keep alive ping
Fri Jan 30 12:50:33 UTC 2026: Keep alive ping
Fri Jan 30 18:38:21 UTC 2026: Keep alive ping
Sat Jan 31 01:47:38 UTC 2026: Keep alive ping
Sat Jan 31 06:35:04 UTC 2026: Keep alive ping
Sat Jan 31 12:41:27 UTC 2026: Keep alive ping
Sat Jan 31 18:28:25 UTC 2026: Keep alive ping
Sun Feb  1 02:06:36 UTC 2026: Keep alive ping
Sun Feb  1 06:44:52 UTC 2026: Keep alive ping
Sun Feb  1 12:43:07 UTC 2026: Keep alive ping
Sun Feb  1 18:30:58 UTC 2026: Keep alive ping
Mon Feb  2 01:58:35 UTC 2026: Keep alive ping
Mon Feb  2 06:59:24 UTC 2026: Keep alive ping
Mon Feb  2 12:54:37 UTC 2026: Keep alive ping
Mon Feb  2 18:39:32 UTC 2026: Keep alive ping
Tue Feb  3 01:57:28 UTC 2026: Keep alive ping
Tue Feb  3 06:47:04 UTC 2026: Keep alive ping
Tue Feb  3 12:54:36 UTC 2026: Keep alive ping
Tue Feb  3 18:53:15 UTC 2026: Keep alive ping
Wed Feb  4 01:51:53 UTC 2026: Keep alive ping
Wed Feb  4 06:48:01 UTC 2026: Keep alive ping
Wed Feb  4 12:54:18 UTC 2026: Keep alive ping
Wed Feb  4 18:44:58 UTC 2026: Keep alive ping
Thu Feb  5 01:53:58 UTC 2026: Keep alive ping
Thu Feb  5 06:56:01 UTC 2026: Keep alive ping
Thu Feb  5 12:56:54 UTC 2026: Keep alive ping
Thu Feb  5 18:43:26 UTC 2026: Keep alive ping
Fri Feb  6 01:52:53 UTC 2026: Keep alive ping
Fri Feb  6 06:51:31 UTC 2026: Keep alive ping
Fri Feb  6 12:54:04 UTC 2026: Keep alive ping
Fri Feb  6 18:45:50 UTC 2026: Keep alive ping
Sat Feb  7 01:49:49 UTC 2026: Keep alive ping
Sat Feb  7 06:38:41 UTC 2026: Keep alive ping
Sat Feb  7 12:42:20 UTC 2026: Keep alive ping
Sat Feb  7 18:31:44 UTC 2026: Keep alive ping
Sun Feb  8 02:23:09 UTC 2026: Keep alive ping
Sun Feb  8 06:45:21 UTC 2026: Keep alive ping
Sun Feb  8 12:43:33 UTC 2026: Keep alive ping
Sun Feb  8 18:33:52 UTC 2026: Keep alive ping
Mon Feb  9 02:00:48 UTC 2026: Keep alive ping
Mon Feb  9 07:01:27 UTC 2026: Keep alive ping
Mon Feb  9 13:03:18 UTC 2026: Keep alive ping
Tue Feb 10 05:49:31 UTC 2026: Keep alive ping
Tue Feb 10 07:00:35 UTC 2026: Keep alive ping
Tue Feb 10 13:07:47 UTC 2026: Keep alive ping
Tue Feb 10 19:01:26 UTC 2026: Keep alive ping
Wed Feb 11 02:06:51 UTC 2026: Keep alive ping
Wed Feb 11 06:57:19 UTC 2026: Keep alive ping
Wed Feb 11 13:04:16 UTC 2026: Keep alive ping
Wed Feb 11 18:59:32 UTC 2026: Keep alive ping
Thu Feb 12 01:59:47 UTC 2026: Keep alive ping
Thu Feb 12 06:58:28 UTC 2026: Keep alive ping
Thu Feb 12 13:02:00 UTC 2026: Keep alive ping
Thu Feb 12 18:59:57 UTC 2026: Keep alive ping
Fri Feb 13 02:03:03 UTC 2026: Keep alive ping
Fri Feb 13 06:56:12 UTC 2026: Keep alive ping
Fri Feb 13 12:54:01 UTC 2026: Keep alive ping
Fri Feb 13 18:43:29 UTC 2026: Keep alive ping
Sat Feb 14 01:51:55 UTC 2026: Keep alive ping
Sat Feb 14 06:40:38 UTC 2026: Keep alive ping
Sat Feb 14 12:41:50 UTC 2026: Keep alive ping
Sat Feb 14 18:30:40 UTC 2026: Keep alive ping
Sun Feb 15 02:01:59 UTC 2026: Keep alive ping
Sun Feb 15 06:48:57 UTC 2026: Keep alive ping
Sun Feb 15 12:44:22 UTC 2026: Keep alive ping
Sun Feb 15 18:32:57 UTC 2026: Keep alive ping
Mon Feb 16 01:57:59 UTC 2026: Keep alive ping
Mon Feb 16 06:59:43 UTC 2026: Keep alive ping
Mon Feb 16 12:57:31 UTC 2026: Keep alive ping
Mon Feb 16 18:39:10 UTC 2026: Keep alive ping
Tue Feb 17 01:55:48 UTC 2026: Keep alive ping
Tue Feb 17 06:55:54 UTC 2026: Keep alive ping
Tue Feb 17 12:58:02 UTC 2026: Keep alive ping
Tue Feb 17 18:54:29 UTC 2026: Keep alive ping
Wed Feb 18 01:59:29 UTC 2026: Keep alive ping
Wed Feb 18 06:58:14 UTC 2026: Keep alive ping
Wed Feb 18 12:59:04 UTC 2026: Keep alive ping
Wed Feb 18 18:51:22 UTC 2026: Keep alive ping
Thu Feb 19 01:58:26 UTC 2026: Keep alive ping
Thu Feb 19 06:56:50 UTC 2026: Keep alive ping
Thu Feb 19 12:59:54 UTC 2026: Keep alive ping
Thu Feb 19 18:46:57 UTC 2026: Keep alive ping
Fri Feb 20 01:53:57 UTC 2026: Keep alive ping
Fri Feb 20 06:53:07 UTC 2026: Keep alive ping
Fri Feb 20 12:53:51 UTC 2026: Keep alive ping
Fri Feb 20 18:42:07 UTC 2026: Keep alive ping
Sat Feb 21 01:49:28 UTC 2026: Keep alive ping
Sat Feb 21 06:38:19 UTC 2026: Keep alive ping
Sat Feb 21 12:41:12 UTC 2026: Keep alive ping
Sat Feb 21 18:31:32 UTC 2026: Keep alive ping
Sun Feb 22 01:57:37 UTC 2026: Keep alive ping
Sun Feb 22 06:42:56 UTC 2026: Keep alive ping
Sun Feb 22 12:43:08 UTC 2026: Keep alive ping
Sun Feb 22 18:32:14 UTC 2026: Keep alive ping
Mon Feb 23 01:58:25 UTC 2026: Keep alive ping
Mon Feb 23 07:01:00 UTC 2026: Keep alive ping
Mon Feb 23 12:58:42 UTC 2026: Keep alive ping
Mon Feb 23 18:58:52 UTC 2026: Keep alive ping
Tue Feb 24 01:55:23 UTC 2026: Keep alive ping
Tue Feb 24 06:57:01 UTC 2026: Keep alive ping
Tue Feb 24 13:00:13 UTC 2026: Keep alive ping
Tue Feb 24 18:58:23 UTC 2026: Keep alive ping
Wed Feb 25 01:57:42 UTC 2026: Keep alive ping
Wed Feb 25 06:58:51 UTC 2026: Keep alive ping
Wed Feb 25 12:59:04 UTC 2026: Keep alive ping
Wed Feb 25 19:02:40 UTC 2026: Keep alive ping
Thu Feb 26 01:53:36 UTC 2026: Keep alive ping
Thu Feb 26 06:57:08 UTC 2026: Keep alive ping
Thu Feb 26 13:00:13 UTC 2026: Keep alive ping
Thu Feb 26 18:50:27 UTC 2026: Keep alive ping
Fri Feb 27 01:52:04 UTC 2026: Keep alive ping
Fri Feb 27 06:50:39 UTC 2026: Keep alive ping
Fri Feb 27 12:53:58 UTC 2026: Keep alive ping
Fri Feb 27 18:38:39 UTC 2026: Keep alive ping
Sat Feb 28 01:43:31 UTC 2026: Keep alive ping
Sat Feb 28 06:34:37 UTC 2026: Keep alive ping
Sat Feb 28 12:39:51 UTC 2026: Keep alive ping
Sat Feb 28 18:29:29 UTC 2026: Keep alive ping
Sun Mar  1 02:04:35 UTC 2026: Keep alive ping
Sun Mar  1 06:42:00 UTC 2026: Keep alive ping
Sun Mar  1 12:42:25 UTC 2026: Keep alive ping
Sun Mar  1 18:29:50 UTC 2026: Keep alive ping
Mon Mar  2 01:55:26 UTC 2026: Keep alive ping
Mon Mar  2 06:54:23 UTC 2026: Keep alive ping
Mon Mar  2 12:53:40 UTC 2026: Keep alive ping
Mon Mar  2 18:42:47 UTC 2026: Keep alive ping
Tue Mar  3 01:57:26 UTC 2026: Keep alive ping
Tue Mar  3 06:47:33 UTC 2026: Keep alive ping
Tue Mar  3 12:52:27 UTC 2026: Keep alive ping
Tue Mar  3 18:42:57 UTC 2026: Keep alive ping
Wed Mar  4 01:51:45 UTC 2026: Keep alive ping
Wed Mar  4 06:42:30 UTC 2026: Keep alive ping
Wed Mar  4 12:51:48 UTC 2026: Keep alive ping
Wed Mar  4 18:44:35 UTC 2026: Keep alive ping
Thu Mar  5 01:54:29 UTC 2026: Keep alive ping
Thu Mar  5 06:48:22 UTC 2026: Keep alive ping
Thu Mar  5 12:55:04 UTC 2026: Keep alive ping
Thu Mar  5 19:14:06 UTC 2026: Keep alive ping
Fri Mar  6 01:55:35 UTC 2026: Keep alive ping
Fri Mar  6 06:42:58 UTC 2026: Keep alive ping
Fri Mar  6 12:50:57 UTC 2026: Keep alive ping
Fri Mar  6 18:40:21 UTC 2026: Keep alive ping
Sat Mar  7 01:47:42 UTC 2026: Keep alive ping
Sat Mar  7 06:36:50 UTC 2026: Keep alive ping
Sat Mar  7 12:41:02 UTC 2026: Keep alive ping
Sat Mar  7 18:29:53 UTC 2026: Keep alive ping
Sun Mar  8 01:55:50 UTC 2026: Keep alive ping
Sun Mar  8 06:39:10 UTC 2026: Keep alive ping
Sun Mar  8 12:42:26 UTC 2026: Keep alive ping
Sun Mar  8 18:30:24 UTC 2026: Keep alive ping
Mon Mar  9 01:56:53 UTC 2026: Keep alive ping
Mon Mar  9 06:58:32 UTC 2026: Keep alive ping
Mon Mar  9 12:57:20 UTC 2026: Keep alive ping
Mon Mar  9 18:50:02 UTC 2026: Keep alive ping
Tue Mar 10 01:49:46 UTC 2026: Keep alive ping
Tue Mar 10 06:43:51 UTC 2026: Keep alive ping
Tue Mar 10 12:55:10 UTC 2026: Keep alive ping
Tue Mar 10 18:43:07 UTC 2026: Keep alive ping
Wed Mar 11 01:49:59 UTC 2026: Keep alive ping
Wed Mar 11 06:50:25 UTC 2026: Keep alive ping
Wed Mar 11 12:54:47 UTC 2026: Keep alive ping
Wed Mar 11 18:50:39 UTC 2026: Keep alive ping
Thu Mar 12 01:54:21 UTC 2026: Keep alive ping
Thu Mar 12 06:51:43 UTC 2026: Keep alive ping
Thu Mar 12 12:54:43 UTC 2026: Keep alive ping
Thu Mar 12 18:50:44 UTC 2026: Keep alive ping
Fri Mar 13 01:53:26 UTC 2026: Keep alive ping
Fri Mar 13 06:49:42 UTC 2026: Keep alive ping
Fri Mar 13 12:53:45 UTC 2026: Keep alive ping
Fri Mar 13 18:37:35 UTC 2026: Keep alive ping
Sat Mar 14 01:50:55 UTC 2026: Keep alive ping
Sat Mar 14 06:41:50 UTC 2026: Keep alive ping
Sat Mar 14 12:45:04 UTC 2026: Keep alive ping
Sat Mar 14 18:35:01 UTC 2026: Keep alive ping
Sun Mar 15 02:07:44 UTC 2026: Keep alive ping
Sun Mar 15 06:53:10 UTC 2026: Keep alive ping
Sun Mar 15 12:47:14 UTC 2026: Keep alive ping
Sun Mar 15 18:35:44 UTC 2026: Keep alive ping
Mon Mar 16 02:09:05 UTC 2026: Keep alive ping
Mon Mar 16 07:13:06 UTC 2026: Keep alive ping
Mon Mar 16 13:05:50 UTC 2026: Keep alive ping
Mon Mar 16 18:57:53 UTC 2026: Keep alive ping
Tue Mar 17 01:56:30 UTC 2026: Keep alive ping
Tue Mar 17 07:00:32 UTC 2026: Keep alive ping
Tue Mar 17 13:06:09 UTC 2026: Keep alive ping
Tue Mar 17 18:58:36 UTC 2026: Keep alive ping
Wed Mar 18 02:00:25 UTC 2026: Keep alive ping
Wed Mar 18 06:58:56 UTC 2026: Keep alive ping
Wed Mar 18 13:05:49 UTC 2026: Keep alive ping
Wed Mar 18 18:56:10 UTC 2026: Keep alive ping
Thu Mar 19 02:01:15 UTC 2026: Keep alive ping
Thu Mar 19 06:55:05 UTC 2026: Keep alive ping
Thu Mar 19 12:59:24 UTC 2026: Keep alive ping
Thu Mar 19 18:54:59 UTC 2026: Keep alive ping
Fri Mar 20 01:55:19 UTC 2026: Keep alive ping
Fri Mar 20 06:51:51 UTC 2026: Keep alive ping
Fri Mar 20 12:54:42 UTC 2026: Keep alive ping
Fri Mar 20 18:44:06 UTC 2026: Keep alive ping
Sat Mar 21 01:49:32 UTC 2026: Keep alive ping
Sat Mar 21 06:39:18 UTC 2026: Keep alive ping
Sat Mar 21 12:42:29 UTC 2026: Keep alive ping
Sat Mar 21 18:32:31 UTC 2026: Keep alive ping
Sun Mar 22 02:01:14 UTC 2026: Keep alive ping
Sun Mar 22 06:48:25 UTC 2026: Keep alive ping
Sun Mar 22 12:44:58 UTC 2026: Keep alive ping
Sun Mar 22 18:33:47 UTC 2026: Keep alive ping
Mon Mar 23 02:02:21 UTC 2026: Keep alive ping
Mon Mar 23 07:06:03 UTC 2026: Keep alive ping
Mon Mar 23 13:01:55 UTC 2026: Keep alive ping
Mon Mar 23 18:51:20 UTC 2026: Keep alive ping
Tue Mar 24 01:54:01 UTC 2026: Keep alive ping
Tue Mar 24 07:00:56 UTC 2026: Keep alive ping
Tue Mar 24 13:06:10 UTC 2026: Keep alive ping
Tue Mar 24 18:59:37 UTC 2026: Keep alive ping
Wed Mar 25 01:59:40 UTC 2026: Keep alive ping
Wed Mar 25 06:59:26 UTC 2026: Keep alive ping
Wed Mar 25 13:04:32 UTC 2026: Keep alive ping
Wed Mar 25 18:52:46 UTC 2026: Keep alive ping
Thu Mar 26 02:05:55 UTC 2026: Keep alive ping
Thu Mar 26 07:04:45 UTC 2026: Keep alive ping
Thu Mar 26 13:10:01 UTC 2026: Keep alive ping
Thu Mar 26 19:01:56 UTC 2026: Keep alive ping
Fri Mar 27 02:07:13 UTC 2026: Keep alive ping
Fri Mar 27 07:03:30 UTC 2026: Keep alive ping
Fri Mar 27 13:00:50 UTC 2026: Keep alive ping
Fri Mar 27 18:52:34 UTC 2026: Keep alive ping
Sat Mar 28 01:58:26 UTC 2026: Keep alive ping
Sat Mar 28 06:55:36 UTC 2026: Keep alive ping
Sat Mar 28 12:50:39 UTC 2026: Keep alive ping
Sat Mar 28 18:36:58 UTC 2026: Keep alive ping
Sun Mar 29 02:09:30 UTC 2026: Keep alive ping
Sun Mar 29 06:59:42 UTC 2026: Keep alive ping
Sun Mar 29 12:51:08 UTC 2026: Keep alive ping
Sun Mar 29 18:38:34 UTC 2026: Keep alive ping
Mon Mar 30 02:11:52 UTC 2026: Keep alive ping
Mon Mar 30 07:23:47 UTC 2026: Keep alive ping
Mon Mar 30 13:13:53 UTC 2026: Keep alive ping
Mon Mar 30 18:55:46 UTC 2026: Keep alive ping
Tue Mar 31 02:07:39 UTC 2026: Keep alive ping
Tue Mar 31 07:09:51 UTC 2026: Keep alive ping
Tue Mar 31 13:13:13 UTC 2026: Keep alive ping
Tue Mar 31 18:58:46 UTC 2026: Keep alive ping
Wed Apr  1 02:24:42 UTC 2026: Keep alive ping
Wed Apr  1 07:16:52 UTC 2026: Keep alive ping
Wed Apr  1 13:16:13 UTC 2026: Keep alive ping
Wed Apr  1 18:57:57 UTC 2026: Keep alive ping
Thu Apr  2 02:04:03 UTC 2026: Keep alive ping
Thu Apr  2 07:08:17 UTC 2026: Keep alive ping
Thu Apr  2 13:07:34 UTC 2026: Keep alive ping
Thu Apr  2 18:53:29 UTC 2026: Keep alive ping
Fri Apr  3 02:05:31 UTC 2026: Keep alive ping
Fri Apr  3 07:04:32 UTC 2026: Keep alive ping
Fri Apr  3 12:58:54 UTC 2026: Keep alive ping
Fri Apr  3 18:42:14 UTC 2026: Keep alive ping
Sat Apr  4 01:58:06 UTC 2026: Keep alive ping
Sat Apr  4 06:57:33 UTC 2026: Keep alive ping
Sat Apr  4 12:50:41 UTC 2026: Keep alive ping
Sat Apr  4 18:38:42 UTC 2026: Keep alive ping
Sun Apr  5 02:11:27 UTC 2026: Keep alive ping
Sun Apr  5 07:02:31 UTC 2026: Keep alive ping
Sun Apr  5 12:52:40 UTC 2026: Keep alive ping
Sun Apr  5 18:40:01 UTC 2026: Keep alive ping
Mon Apr  6 02:12:36 UTC 2026: Keep alive ping
Mon Apr  6 07:25:54 UTC 2026: Keep alive ping
Mon Apr  6 13:04:42 UTC 2026: Keep alive ping
Mon Apr  6 18:55:20 UTC 2026: Keep alive ping
Tue Apr  7 02:08:21 UTC 2026: Keep alive ping
Tue Apr  7 07:12:08 UTC 2026: Keep alive ping
Tue Apr  7 13:13:40 UTC 2026: Keep alive ping
Tue Apr  7 18:59:35 UTC 2026: Keep alive ping
Wed Apr  8 02:09:08 UTC 2026: Keep alive ping
Wed Apr  8 07:14:50 UTC 2026: Keep alive ping
Wed Apr  8 13:15:35 UTC 2026: Keep alive ping
Wed Apr  8 19:12:07 UTC 2026: Keep alive ping
Thu Apr  9 02:02:14 UTC 2026: Keep alive ping
Thu Apr  9 07:18:04 UTC 2026: Keep alive ping
Thu Apr  9 13:22:20 UTC 2026: Keep alive ping
Thu Apr  9 19:01:56 UTC 2026: Keep alive ping
Fri Apr 10 02:22:24 UTC 2026: Keep alive ping
Fri Apr 10 07:23:54 UTC 2026: Keep alive ping
Fri Apr 10 13:04:12 UTC 2026: Keep alive ping
Fri Apr 10 18:49:01 UTC 2026: Keep alive ping
Sat Apr 11 02:02:18 UTC 2026: Keep alive ping
Sat Apr 11 06:57:49 UTC 2026: Keep alive ping
Sat Apr 11 12:52:50 UTC 2026: Keep alive ping
Sat Apr 11 18:40:06 UTC 2026: Keep alive ping
Sun Apr 12 02:24:02 UTC 2026: Keep alive ping
Sun Apr 12 07:10:26 UTC 2026: Keep alive ping
Sun Apr 12 12:56:38 UTC 2026: Keep alive ping
Sun Apr 12 18:43:22 UTC 2026: Keep alive ping
Mon Apr 13 02:28:37 UTC 2026: Keep alive ping
Mon Apr 13 07:59:07 UTC 2026: Keep alive ping
Mon Apr 13 13:21:08 UTC 2026: Keep alive ping
Mon Apr 13 19:11:06 UTC 2026: Keep alive ping
Tue Apr 14 02:23:16 UTC 2026: Keep alive ping
Tue Apr 14 07:27:12 UTC 2026: Keep alive ping
Tue Apr 14 13:20:30 UTC 2026: Keep alive ping
Tue Apr 14 19:10:40 UTC 2026: Keep alive ping
Wed Apr 15 02:12:10 UTC 2026: Keep alive ping
Wed Apr 15 07:27:34 UTC 2026: Keep alive ping
Wed Apr 15 13:19:37 UTC 2026: Keep alive ping
Wed Apr 15 19:12:44 UTC 2026: Keep alive ping
Thu Apr 16 02:28:02 UTC 2026: Keep alive ping
Thu Apr 16 07:27:43 UTC 2026: Keep alive ping
Thu Apr 16 13:24:15 UTC 2026: Keep alive ping
Thu Apr 16 19:08:27 UTC 2026: Keep alive ping
Fri Apr 17 02:24:14 UTC 2026: Keep alive ping
Fri Apr 17 07:28:34 UTC 2026: Keep alive ping
Fri Apr 17 13:13:58 UTC 2026: Keep alive ping
Fri Apr 17 18:56:45 UTC 2026: Keep alive ping
Sat Apr 18 02:07:09 UTC 2026: Keep alive ping
Sat Apr 18 07:03:33 UTC 2026: Keep alive ping
Sat Apr 18 12:57:20 UTC 2026: Keep alive ping
Sat Apr 18 18:44:53 UTC 2026: Keep alive ping
Sun Apr 19 02:28:52 UTC 2026: Keep alive ping
Sun Apr 19 07:15:34 UTC 2026: Keep alive ping
Sun Apr 19 12:56:40 UTC 2026: Keep alive ping
Sun Apr 19 18:45:09 UTC 2026: Keep alive ping
Mon Apr 20 02:29:22 UTC 2026: Keep alive ping
Mon Apr 20 08:02:34 UTC 2026: Keep alive ping
Mon Apr 20 13:24:11 UTC 2026: Keep alive ping
Mon Apr 20 19:01:12 UTC 2026: Keep alive ping
Tue Apr 21 02:25:19 UTC 2026: Keep alive ping
Tue Apr 21 07:45:25 UTC 2026: Keep alive ping
Tue Apr 21 13:20:46 UTC 2026: Keep alive ping
Tue Apr 21 19:07:26 UTC 2026: Keep alive ping
Wed Apr 22 02:22:59 UTC 2026: Keep alive ping
Wed Apr 22 07:42:35 UTC 2026: Keep alive ping
Wed Apr 22 13:21:36 UTC 2026: Keep alive ping
Wed Apr 22 19:09:18 UTC 2026: Keep alive ping
Thu Apr 23 02:26:42 UTC 2026: Keep alive ping
Thu Apr 23 07:47:20 UTC 2026: Keep alive ping
Thu Apr 23 13:22:58 UTC 2026: Keep alive ping
Thu Apr 23 19:04:21 UTC 2026: Keep alive ping
Fri Apr 24 02:26:59 UTC 2026: Keep alive ping
Fri Apr 24 07:59:18 UTC 2026: Keep alive ping
Fri Apr 24 13:18:21 UTC 2026: Keep alive ping
Fri Apr 24 18:45:49 UTC 2026: Keep alive ping
Sat Apr 25 02:08:58 UTC 2026: Keep alive ping
Sat Apr 25 07:11:34 UTC 2026: Keep alive ping
Sat Apr 25 12:58:42 UTC 2026: Keep alive ping
Sat Apr 25 18:49:17 UTC 2026: Keep alive ping
Sun Apr 26 02:31:37 UTC 2026: Keep alive ping
Sun Apr 26 07:24:57 UTC 2026: Keep alive ping
Sun Apr 26 13:01:00 UTC 2026: Keep alive ping
Sun Apr 26 18:50:45 UTC 2026: Keep alive ping
Mon Apr 27 02:33:48 UTC 2026: Keep alive ping
Mon Apr 27 08:19:53 UTC 2026: Keep alive ping
Mon Apr 27 13:47:03 UTC 2026: Keep alive ping
Mon Apr 27 19:16:10 UTC 2026: Keep alive ping
Tue Apr 28 02:41:12 UTC 2026: Keep alive ping
Tue Apr 28 08:21:22 UTC 2026: Keep alive ping
Tue Apr 28 13:59:08 UTC 2026: Keep alive ping
Tue Apr 28 19:28:27 UTC 2026: Keep alive ping
Wed Apr 29 02:41:11 UTC 2026: Keep alive ping
Wed Apr 29 08:12:19 UTC 2026: Keep alive ping
Wed Apr 29 13:49:36 UTC 2026: Keep alive ping
Wed Apr 29 19:20:52 UTC 2026: Keep alive ping
Thu Apr 30 02:42:30 UTC 2026: Keep alive ping
Thu Apr 30 08:17:23 UTC 2026: Keep alive ping
Thu Apr 30 13:48:36 UTC 2026: Keep alive ping
Thu Apr 30 19:16:42 UTC 2026: Keep alive ping
Fri May  1 02:48:57 UTC 2026: Keep alive ping
Fri May  1 08:08:05 UTC 2026: Keep alive ping
Fri May  1 13:14:01 UTC 2026: Keep alive ping
Fri May  1 19:07:45 UTC 2026: Keep alive ping
Sat May  2 02:30:51 UTC 2026: Keep alive ping
Sat May  2 07:40:00 UTC 2026: Keep alive ping
Sat May  2 13:05:10 UTC 2026: Keep alive ping
Sat May  2 18:55:32 UTC 2026: Keep alive ping
Sun May  3 02:40:58 UTC 2026: Keep alive ping
Sun May  3 07:58:29 UTC 2026: Keep alive ping
Sun May  3 13:04:15 UTC 2026: Keep alive ping
Sun May  3 18:55:57 UTC 2026: Keep alive ping
Mon May  4 02:38:25 UTC 2026: Keep alive ping
Mon May  4 08:25:39 UTC 2026: Keep alive ping
Mon May  4 13:53:29 UTC 2026: Keep alive ping
Mon May  4 19:25:12 UTC 2026: Keep alive ping
Tue May  5 02:32:17 UTC 2026: Keep alive ping
Tue May  5 08:05:24 UTC 2026: Keep alive ping
Tue May  5 19:15:07 UTC 2026: Keep alive ping
Wed May  6 02:36:47 UTC 2026: Keep alive ping
Wed May  6 08:22:55 UTC 2026: Keep alive ping
Wed May  6 14:03:04 UTC 2026: Keep alive ping
Wed May  6 19:42:48 UTC 2026: Keep alive ping
Thu May  7 02:38:51 UTC 2026: Keep alive ping
Thu May  7 08:29:32 UTC 2026: Keep alive ping
Thu May  7 14:01:06 UTC 2026: Keep alive ping
Thu May  7 19:40:31 UTC 2026: Keep alive ping
Fri May  8 02:43:49 UTC 2026: Keep alive ping
Fri May  8 07:26:22 UTC 2026: Keep alive ping
Fri May  8 13:26:52 UTC 2026: Keep alive ping
Fri May  8 19:13:00 UTC 2026: Keep alive ping
Sat May  9 02:38:08 UTC 2026: Keep alive ping
Sat May  9 07:52:49 UTC 2026: Keep alive ping
Sat May  9 13:11:59 UTC 2026: Keep alive ping
Sat May  9 18:57:13 UTC 2026: Keep alive ping
Sun May 10 02:43:17 UTC 2026: Keep alive ping
Sun May 10 08:04:43 UTC 2026: Keep alive ping
Sun May 10 13:12:54 UTC 2026: Keep alive ping
Sun May 10 18:58:54 UTC 2026: Keep alive ping
Mon May 11 02:52:47 UTC 2026: Keep alive ping
Mon May 11 09:34:34 UTC 2026: Keep alive ping
Mon May 11 14:43:52 UTC 2026: Keep alive ping
Mon May 11 19:43:10 UTC 2026: Keep alive ping
Tue May 12 02:44:40 UTC 2026: Keep alive ping
Tue May 12 08:35:17 UTC 2026: Keep alive ping
Tue May 12 14:18:13 UTC 2026: Keep alive ping
Tue May 12 19:46:45 UTC 2026: Keep alive ping
Wed May 13 02:50:12 UTC 2026: Keep alive ping
Wed May 13 08:40:43 UTC 2026: Keep alive ping
Wed May 13 14:26:57 UTC 2026: Keep alive ping
Wed May 13 19:50:44 UTC 2026: Keep alive ping
Thu May 14 02:52:36 UTC 2026: Keep alive ping
Thu May 14 08:33:50 UTC 2026: Keep alive ping
Thu May 14 14:03:43 UTC 2026: Keep alive ping
Thu May 14 19:42:26 UTC 2026: Keep alive ping
Fri May 15 02:54:49 UTC 2026: Keep alive ping
Fri May 15 08:45:09 UTC 2026: Keep alive ping
Fri May 15 14:00:46 UTC 2026: Keep alive ping
Fri May 15 19:25:49 UTC 2026: Keep alive ping
Sat May 16 02:41:21 UTC 2026: Keep alive ping
Sat May 16 08:00:08 UTC 2026: Keep alive ping
Sat May 16 13:16:12 UTC 2026: Keep alive ping
Sat May 16 19:00:11 UTC 2026: Keep alive ping
Sun May 17 02:50:11 UTC 2026: Keep alive ping
Sun May 17 08:17:44 UTC 2026: Keep alive ping
Sun May 17 13:14:43 UTC 2026: Keep alive ping
Sun May 17 19:05:01 UTC 2026: Keep alive ping
Mon May 18 03:27:17 UTC 2026: Keep alive ping
Mon May 18 09:57:26 UTC 2026: Keep alive ping
Mon May 18 15:25:53 UTC 2026: Keep alive ping
Mon May 18 19:41:31 UTC 2026: Keep alive ping
Tue May 19 02:56:12 UTC 2026: Keep alive ping
Tue May 19 09:37:30 UTC 2026: Keep alive ping
Tue May 19 14:55:03 UTC 2026: Keep alive ping
Tue May 19 19:48:51 UTC 2026: Keep alive ping
Wed May 20 02:56:36 UTC 2026: Keep alive ping
Wed May 20 09:26:21 UTC 2026: Keep alive ping
Wed May 20 14:56:48 UTC 2026: Keep alive ping
Wed May 20 20:10:41 UTC 2026: Keep alive ping
Thu May 21 03:25:55 UTC 2026: Keep alive ping
Thu May 21 09:35:04 UTC 2026: Keep alive ping
Thu May 21 15:17:44 UTC 2026: Keep alive ping
Thu May 21 19:50:21 UTC 2026: Keep alive ping
Fri May 22 03:25:40 UTC 2026: Keep alive ping
Fri May 22 08:56:59 UTC 2026: Keep alive ping
Fri May 22 14:33:17 UTC 2026: Keep alive ping
Fri May 22 19:40:40 UTC 2026: Keep alive ping
Sat May 23 02:45:38 UTC 2026: Keep alive ping
Sat May 23 08:13:47 UTC 2026: Keep alive ping
Sat May 23 13:19:09 UTC 2026: Keep alive ping
Sat May 23 19:05:24 UTC 2026: Keep alive ping
Sun May 24 02:57:51 UTC 2026: Keep alive ping
Sun May 24 08:25:36 UTC 2026: Keep alive ping
Sun May 24 13:20:33 UTC 2026: Keep alive ping
Sun May 24 19:13:20 UTC 2026: Keep alive ping
Mon May 25 03:34:25 UTC 2026: Keep alive ping
Mon May 25 09:59:36 UTC 2026: Keep alive ping
Mon May 25 14:48:46 UTC 2026: Keep alive ping
Mon May 25 19:25:49 UTC 2026: Keep alive ping
Tue May 26 02:53:32 UTC 2026: Keep alive ping
Tue May 26 09:50:30 UTC 2026: Keep alive ping
Tue May 26 15:18:27 UTC 2026: Keep alive ping
Tue May 26 20:05:25 UTC 2026: Keep alive ping
Wed May 27 03:32:40 UTC 2026: Keep alive ping
Wed May 27 09:39:43 UTC 2026: Keep alive ping
Wed May 27 15:34:47 UTC 2026: Keep alive ping
Wed May 27 20:11:02 UTC 2026: Keep alive ping
Thu May 28 02:52:22 UTC 2026: Keep alive ping
Thu May 28 09:56:32 UTC 2026: Keep alive ping
Thu May 28 15:45:37 UTC 2026: Keep alive ping
Thu May 28 20:17:49 UTC 2026: Keep alive ping
Fri May 29 02:56:18 UTC 2026: Keep alive ping
Fri May 29 09:49:04 UTC 2026: Keep alive ping
Fri May 29 14:57:48 UTC 2026: Keep alive ping
Fri May 29 20:21:04 UTC 2026: Keep alive ping
Sat May 30 02:49:24 UTC 2026: Keep alive ping
Sat May 30 08:24:36 UTC 2026: Keep alive ping
Sat May 30 13:23:31 UTC 2026: Keep alive ping
Sat May 30 19:08:35 UTC 2026: Keep alive ping
Sun May 31 03:33:35 UTC 2026: Keep alive ping
Sun May 31 08:41:17 UTC 2026: Keep alive ping
Sun May 31 13:39:48 UTC 2026: Keep alive ping
Sun May 31 19:12:52 UTC 2026: Keep alive ping
Mon Jun  1 03:46:08 UTC 2026: Keep alive ping
Mon Jun  1 11:27:16 UTC 2026: Keep alive ping
Mon Jun  1 17:32:36 UTC 2026: Keep alive ping
Mon Jun  1 21:29:20 UTC 2026: Keep alive ping
Tue Jun  2 03:40:58 UTC 2026: Keep alive ping
Tue Jun  2 10:18:33 UTC 2026: Keep alive ping
Tue Jun  2 16:18:15 UTC 2026: Keep alive ping
Tue Jun  2 20:44:22 UTC 2026: Keep alive ping
Wed Jun  3 03:50:41 UTC 2026: Keep alive ping
Wed Jun  3 10:53:26 UTC 2026: Keep alive ping
Wed Jun  3 16:42:48 UTC 2026: Keep alive ping
Wed Jun  3 20:52:24 UTC 2026: Keep alive ping
Thu Jun  4 03:43:45 UTC 2026: Keep alive ping
Thu Jun  4 09:51:52 UTC 2026: Keep alive ping
Thu Jun  4 14:53:30 UTC 2026: Keep alive ping
Thu Jun  4 20:01:37 UTC 2026: Keep alive ping
